#
# There is insufficient memory for the Java Runtime Environment to continue.
# Native memory allocation (malloc) failed to allocate 1379776 bytes for Chunk::new
# Possible reasons:
#   The system is out of physical RAM or swap space
#   The process is running with CompressedOops enabled, and the Java Heap may be blocking the growth of the native heap
# Possible solutions:
#   Reduce memory load on the system
#   Increase physical memory or swap space
#   Check if swap backing store is full
#   Decrease Java heap size (-Xmx/-Xms)
#   Decrease number of Java threads
#   Decrease Java thread stack sizes (-Xss)
#   Set larger code cache with -XX:ReservedCodeCacheSize=
#   JVM is running with Unscaled Compressed Oops mode in which the Java heap is
#     placed in the first 4GB address space. The Java Heap base address is the
#     maximum limit for the native heap growth. Please use -XX:HeapBaseMinAddress
#     to set the Java Heap base and to place the Java Heap above 4GB virtual address.
# This output file may be truncated or incomplete.
#
#  Out of Memory Error (allocation.cpp:389), pid=22616, tid=0x0000000000006260
#
# JRE version: OpenJDK Runtime Environment (8.0_212-b04) (build 1.8.0_212-release-1586-b04)
# Java VM: OpenJDK 64-Bit Server VM (25.212-b04 mixed mode windows-amd64 compressed oops)
# Failed to write core dump. Minidumps are not enabled by default on client versions of Windows
#

---------------  T H R E A D  ---------------

Current thread (0x0000000018531000):  JavaThread "C2 CompilerThread2" daemon [_thread_in_native, id=25184, stack(0x0000000019000000,0x0000000019100000)]

Stack: [0x0000000019000000,0x0000000019100000]
[error occurred during error reporting (printing stack bounds), id 0xc0000005]

Native frames: (J=compiled Java code, j=interpreted, Vv=VM code, C=native code)


Current CompileTask:
C2:4853830 30728 %     4       com.android.tools.r8.ir.regalloc.LinearScanRegisterAllocator::a @ 609 (3993 bytes)


---------------  P R O C E S S  ---------------

Java Threads: ( => current thread )
  0x0000000032675000 JavaThread "WorkerExecutor Queue Thread 10" [_thread_blocked, id=19104, stack(0x0000000033220000,0x0000000033320000)]
  0x000000003267b800 JavaThread "WorkerExecutor Queue Thread 9" [_thread_blocked, id=6984, stack(0x0000000032f20000,0x0000000033020000)]
  0x0000000032674000 JavaThread "ForkJoinPool.commonPool-worker-5" daemon [_thread_blocked, id=12188, stack(0x00000000350b0000,0x00000000351b0000)]
  0x0000000032678000 JavaThread "ForkJoinPool.commonPool-worker-4" daemon [_thread_blocked, id=12848, stack(0x0000000034fb0000,0x00000000350b0000)]
  0x000000001b222800 JavaThread "ForkJoinPool.commonPool-worker-2" daemon [_thread_blocked, id=17660, stack(0x0000000034db0000,0x0000000034eb0000)]
  0x000000001b227000 JavaThread "ForkJoinPool.commonPool-worker-1" daemon [_thread_blocked, id=19020, stack(0x0000000034cb0000,0x0000000034db0000)]
  0x000000001b222000 JavaThread "ForkJoinPool.commonPool-worker-0" daemon [_thread_blocked, id=2964, stack(0x0000000034bb0000,0x0000000034cb0000)]
  0x000000001b226800 JavaThread "stdout" [_thread_in_native, id=18812, stack(0x00000000346b0000,0x00000000347b0000)]
  0x000000001a976000 JavaThread "stderr" [_thread_in_native, id=9612, stack(0x00000000345b0000,0x00000000346b0000)]
  0x000000001a974800 JavaThread "stdout" [_thread_in_native, id=8, stack(0x00000000344b0000,0x00000000345b0000)]
  0x000000001a973800 JavaThread "stderr" [_thread_in_native, id=21832, stack(0x00000000343b0000,0x00000000344b0000)]
  0x000000001a970800 JavaThread "stdout" [_thread_in_native, id=15836, stack(0x00000000342b0000,0x00000000343b0000)]
  0x000000001a971800 JavaThread "stderr" [_thread_in_native, id=2516, stack(0x00000000341b0000,0x00000000342b0000)]
  0x0000000029c18800 JavaThread "stdout" [_thread_in_native, id=12952, stack(0x00000000340b0000,0x00000000341b0000)]
  0x0000000029c19800 JavaThread "stderr" [_thread_in_native, id=15404, stack(0x0000000033fb0000,0x00000000340b0000)]
  0x0000000029c18000 JavaThread "WorkerExecutor Queue Thread 8" [_thread_blocked, id=21968, stack(0x0000000033a40000,0x0000000033b40000)]
  0x0000000029c10800 JavaThread "stdout" [_thread_in_native, id=15528, stack(0x0000000033eb0000,0x0000000033fb0000)]
  0x0000000029c0f800 JavaThread "stderr" [_thread_in_native, id=18032, stack(0x0000000033db0000,0x0000000033eb0000)]
  0x0000000029c16800 JavaThread "stdout" [_thread_in_native, id=14372, stack(0x0000000033cb0000,0x0000000033db0000)]
  0x0000000029c0f000 JavaThread "stderr" [_thread_in_native, id=3936, stack(0x0000000033bb0000,0x0000000033cb0000)]
  0x0000000029c15800 JavaThread "stdout" [_thread_in_native, id=11724, stack(0x0000000033940000,0x0000000033a40000)]
  0x0000000029c0e000 JavaThread "stderr" [_thread_in_native, id=1296, stack(0x0000000033840000,0x0000000033940000)]
  0x0000000029c15000 JavaThread "MarlinRenderer Disposer" daemon [_thread_blocked, id=11112, stack(0x0000000033740000,0x0000000033840000)]
  0x0000000029c0c000 JavaThread "Java2D Disposer" daemon [_thread_blocked, id=18576, stack(0x0000000033620000,0x0000000033720000)]
  0x000000001e5c6800 JavaThread "WorkerExecutor Queue Thread 7" [_thread_blocked, id=17624, stack(0x0000000033320000,0x0000000033420000)]
  0x000000001e5be000 JavaThread "WorkerExecutor Queue Thread 5" [_thread_blocked, id=18232, stack(0x0000000033120000,0x0000000033220000)]
  0x000000001e5c5000 JavaThread "WorkerExecutor Queue Thread 4" [_thread_blocked, id=4228, stack(0x0000000033020000,0x0000000033120000)]
  0x000000001e5c3800 JavaThread "WorkerExecutor Queue Thread 2" [_thread_blocked, id=14436, stack(0x000000002fdb0000,0x000000002feb0000)]
  0x000000001e5c1000 JavaThread "WorkerExecutor Queue" [_thread_in_Java, id=23676, stack(0x000000002fb60000,0x000000002fc60000)]
  0x000000001e5bf800 JavaThread "pool-66-thread-1" [_thread_blocked, id=12900, stack(0x000000002feb0000,0x000000002ffb0000)]
  0x000000001e5c2800 JavaThread "Cache worker for execution history cache (C:\Users\ASUS\AndroidStudioProjects\appmasjid\.gradle\5.6.4\executionHistory)" [_thread_blocked, id=5916, stack(0x000000002fcb0000,0x000000002fdb0000)]
  0x000000001e5bd800 JavaThread "Execution worker for ':' Thread 7" [_thread_blocked, id=14424, stack(0x000000002fa60000,0x000000002fb60000)]
  0x000000001d61d800 JavaThread "Execution worker for ':' Thread 6" [_thread_blocked, id=20960, stack(0x000000002f960000,0x000000002fa60000)]
  0x000000001d61d000 JavaThread "Execution worker for ':' Thread 5" [_thread_blocked, id=11944, stack(0x000000002f860000,0x000000002f960000)]
  0x000000001d61f000 JavaThread "Execution worker for ':' Thread 4" [_thread_blocked, id=18144, stack(0x000000002f760000,0x000000002f860000)]
  0x000000001d61c000 JavaThread "Execution worker for ':' Thread 3" [_thread_blocked, id=2588, stack(0x000000002f660000,0x000000002f760000)]
  0x000000001d61e800 JavaThread "Execution worker for ':' Thread 2" [_thread_blocked, id=18168, stack(0x000000002e150000,0x000000002e250000)]
  0x000000001d61b800 JavaThread "Execution worker for ':'" [_thread_blocked, id=24940, stack(0x000000002ac60000,0x000000002ad60000)]
  0x000000001d614000 JavaThread "Cache worker for file content cache (C:\Users\ASUS\AndroidStudioProjects\appmasjid\.gradle\5.6.4\fileContent)" [_thread_blocked, id=17392, stack(0x000000002c370000,0x000000002c470000)]
  0x000000001d61a800 JavaThread "Cache worker for Build Output Cleanup Cache (C:\Users\ASUS\AndroidStudioProjects\appmasjid\.gradle\buildOutputCleanup)" [_thread_blocked, id=928, stack(0x00000000291d0000,0x00000000292d0000)]
  0x000000001d619000 JavaThread "pool-55-thread-1" [_thread_blocked, id=23928, stack(0x00000000290d0000,0x00000000291d0000)]
  0x000000001d611800 JavaThread "Build operations Thread 8" [_thread_blocked, id=18608, stack(0x0000000028d80000,0x0000000028e80000)]
  0x000000001d611000 JavaThread "Build operations Thread 7" [_thread_blocked, id=2056, stack(0x0000000028c80000,0x0000000028d80000)]
  0x000000001d616000 JavaThread "Build operations Thread 6" [_thread_blocked, id=6804, stack(0x0000000028480000,0x0000000028580000)]
  0x000000001d617800 JavaThread "Build operations Thread 5" [_thread_blocked, id=11036, stack(0x00000000266b0000,0x00000000267b0000)]
  0x000000001d615800 JavaThread "Build operations Thread 4" [_thread_blocked, id=25552, stack(0x00000000253e0000,0x00000000254e0000)]
  0x000000001d614800 JavaThread "Build operations Thread 3" [_thread_blocked, id=19608, stack(0x00000000248e0000,0x00000000249e0000)]
  0x0000000019f71000 JavaThread "Build operations Thread 2" [_thread_blocked, id=12664, stack(0x0000000023940000,0x0000000023a40000)]
  0x0000000019f71800 JavaThread "Build operations" [_thread_blocked, id=20688, stack(0x00000000233b0000,0x00000000234b0000)]
  0x0000000019f75800 JavaThread "Cache worker for cache directory md-rule (C:\Users\ASUS\.gradle\caches\5.6.4\md-rule)" [_thread_blocked, id=23796, stack(0x00000000230b0000,0x00000000231b0000)]
  0x0000000019f69000 JavaThread "Cache worker for cache directory md-supplier (C:\Users\ASUS\.gradle\caches\5.6.4\md-supplier)" [_thread_blocked, id=19068, stack(0x0000000022900000,0x0000000022a00000)]
  0x0000000019f70000 JavaThread "Cache worker for file hash cache (C:\Users\ASUS\AndroidStudioProjects\appmasjid\.gradle\5.6.4\fileHashes)" [_thread_blocked, id=15488, stack(0x0000000022800000,0x0000000022900000)]
  0x0000000019f68800 JavaThread "Thread-723" [_thread_blocked, id=5740, stack(0x0000000022700000,0x0000000022800000)]
  0x0000000019f6d000 JavaThread "Stdin handler" [_thread_blocked, id=10728, stack(0x0000000021630000,0x0000000021730000)]
  0x0000000019f6e800 JavaThread "Asynchronous log dispatcher for DefaultDaemonConnection: socket connection from /127.0.0.1:64339 to /127.0.0.1:53399" [_thread_blocked, id=20652, stack(0x000000001cb20000,0x000000001cc20000)]
  0x0000000019f6f800 JavaThread "Daemon worker Thread 19" [_thread_blocked, id=17272, stack(0x000000001ca20000,0x000000001cb20000)]
  0x0000000019f6b800 JavaThread "Cancel handler" [_thread_blocked, id=24288, stack(0x000000001c920000,0x000000001ca20000)]
  0x0000000019f6c000 JavaThread "Handler for socket connection from /127.0.0.1:64339 to /127.0.0.1:53399" [_thread_in_native, id=20172, stack(0x000000001c620000,0x000000001c720000)]
  0x0000000019f6a000 JavaThread "Daemon Thread 19" [_thread_blocked, id=816, stack(0x000000001c520000,0x000000001c620000)]
  0x0000000029c0c800 JavaThread "RMI Reaper" [_thread_blocked, id=7716, stack(0x0000000028980000,0x0000000028a80000)]
  0x0000000029c12800 JavaThread "RMI TCP Accept-0" daemon [_thread_in_native, id=20968, stack(0x0000000028680000,0x0000000028780000)]
  0x0000000029c0a800 JavaThread "GC Daemon" daemon [_thread_blocked, id=2380, stack(0x0000000028580000,0x0000000028680000)]
  0x0000000029c11000 JavaThread "RMI Scheduler(0)" daemon [_thread_blocked, id=13100, stack(0x0000000026db0000,0x0000000026eb0000)]
  0x000000001e5c8000 JavaThread "Cache worker for file content cache (C:\Users\ASUS\.gradle\caches\5.6.4\fileContent)" [_thread_blocked, id=11868, stack(0x00000000247e0000,0x00000000248e0000)]
  0x000000001e5c9800 JavaThread "Memory manager" [_thread_blocked, id=25528, stack(0x0000000024440000,0x0000000024540000)]
  0x000000001e5bb000 JavaThread "Cache worker for execution history cache (C:\Users\ASUS\.gradle\caches\5.6.4\executionHistory)" [_thread_blocked, id=3404, stack(0x000000001fa80000,0x000000001fb80000)]
  0x000000001b223800 JavaThread "Cache worker for journal cache (C:\Users\ASUS\.gradle\caches\journal-1)" [_thread_blocked, id=10500, stack(0x000000001d120000,0x000000001d220000)]
  0x000000001b224000 JavaThread "File lock request listener" [_thread_in_native, id=22872, stack(0x000000001d020000,0x000000001d120000)]
  0x000000001b228000 JavaThread "Cache worker for file hash cache (C:\Users\ASUS\.gradle\caches\5.6.4\fileHashes)" [_thread_blocked, id=9284, stack(0x000000001cf20000,0x000000001d020000)]
  0x000000001af29800 JavaThread "Daemon periodic checks" [_thread_blocked, id=23220, stack(0x000000001c420000,0x000000001c520000)]
  0x000000001af13000 JavaThread "Incoming local TCP Connector on port 64339" [_thread_in_native, id=14804, stack(0x000000001c1e0000,0x000000001c2e0000)]
  0x000000001ade6000 JavaThread "Daemon health stats" [_thread_blocked, id=11352, stack(0x000000001bba0000,0x000000001bca0000)]
  0x00000000185cc800 JavaThread "Service Thread" daemon [_thread_blocked, id=17028, stack(0x0000000019200000,0x0000000019300000)]
  0x0000000018538000 JavaThread "C1 CompilerThread3" daemon [_thread_blocked, id=10544, stack(0x0000000019100000,0x0000000019200000)]
=>0x0000000018531000 JavaThread "C2 CompilerThread2" daemon [_thread_in_native, id=25184, stack(0x0000000019000000,0x0000000019100000)]
  0x0000000018530000 JavaThread "C2 CompilerThread1" daemon [_thread_in_vm, id=19652, stack(0x0000000018f00000,0x0000000019000000)]
  0x000000001852b800 JavaThread "C2 CompilerThread0" daemon [_thread_in_vm, id=5512, stack(0x0000000018e00000,0x0000000018f00000)]
  0x000000001852a800 JavaThread "Attach Listener" daemon [_thread_blocked, id=21012, stack(0x0000000018d00000,0x0000000018e00000)]
  0x0000000018529800 JavaThread "Signal Dispatcher" daemon [_thread_blocked, id=19560, stack(0x0000000018c00000,0x0000000018d00000)]
  0x000000001673d000 JavaThread "Finalizer" daemon [_thread_blocked, id=11736, stack(0x0000000018a00000,0x0000000018b00000)]
  0x000000001673c000 JavaThread "Reference Handler" daemon [_thread_blocked, id=5784, stack(0x0000000018900000,0x0000000018a00000)]
  0x000000000297e800 JavaThread "main" [_thread_blocked, id=16888, stack(0x0000000002580000,0x0000000002680000)]

Other Threads:
  0x0000000016736000 VMThread [stack: 0x0000000018400000,0x0000000018500000] [id=5992]
  0x00000000185cd800 WatcherThread [stack: 0x0000000019300000,0x0000000019400000] [id=23120]

VM state:not at safepoint (normal execution)

VM Mutex/Monitor currently owned by a thread:  ([mutex/lock_event])
[0x000000000297c660] CodeCache_lock - owner thread: 0x0000000018530000

heap address: 0x00000000a0000000, size: 1536 MB, Compressed Oops mode: 32-bit
Narrow klass base: 0x0000000000000000, Narrow klass shift: 3
Compressed class space size: 1073741824 Address: 0x0000000100000000

Heap:
 PSYoungGen      total 407040K, used 86643K [0x00000000e0000000, 0x0000000100000000, 0x0000000100000000)
  eden space 352256K, 9% used [0x00000000e0000000,0x00000000e1f239c8,0x00000000f5800000)
  from space 54784K, 99% used [0x00000000f5800000,0x00000000f8d793f0,0x00000000f8d80000)
  to   space 87552K, 0% used [0x00000000faa80000,0x00000000faa80000,0x0000000100000000)
 ParOldGen       total 237568K, used 68195K [0x00000000a0000000, 0x00000000ae800000, 0x00000000e0000000)
  object space 237568K, 28% used [0x00000000a0000000,0x00000000a4298e38,0x00000000ae800000)
 Metaspace       used 139859K, capacity 150609K, committed 150784K, reserved 1179648K
  class space    used 18065K, capacity 19852K, committed 19968K, reserved 1048576K

Card table byte_map: [0x0000000011d40000,0x0000000012050000] byte_map_base: 0x0000000011840000

Marking Bits: (ParMarkBitMap*) 0x000000006f299f30
 Begin Bits: [0x0000000012a50000, 0x0000000014250000)
 End Bits:   [0x0000000014250000, 0x0000000015a50000)

Polling page: 0x0000000000f20000

CodeCache: size=245760Kb used=84051Kb max_used=84051Kb free=161708Kb
 bounds [0x0000000002980000, 0x0000000007c10000, 0x0000000011980000]
 total_blobs=25758 nmethods=24700 adapters=967
 compilation: enabled

Compilation events (10 events):
Event: 4853.408 Thread 0x0000000018538000 30881       2       com.android.tools.r8.dex.o::c (54 bytes)
Event: 4853.408 Thread 0x0000000018538000 nmethod 30881 0x0000000007c01e90 code [0x0000000007c02020, 0x0000000007c02228]
Event: 4853.408 Thread 0x0000000018538000 30882       2       com.android.tools.r8.dex.o::b (10 bytes)
Event: 4853.408 Thread 0x0000000018538000 nmethod 30882 0x0000000007c02350 code [0x0000000007c024c0, 0x0000000007c02628]
Event: 4853.408 Thread 0x0000000018538000 30879       2       com.android.tools.r8.dex.m$$Lambda$1632/825409773::get$Lambda (9 bytes)
Event: 4853.409 Thread 0x0000000018538000 nmethod 30879 0x0000000007c026d0 code [0x0000000007c02820, 0x0000000007c029b0]
Event: 4853.409 Thread 0x0000000018538000 30883       2       com.android.tools.r8.dex.o::b (10 bytes)
Event: 4853.409 Thread 0x0000000018538000 nmethod 30883 0x0000000007c02a50 code [0x0000000007c02bc0, 0x0000000007c02d28]
Event: 4853.409 Thread 0x0000000018538000 30884       2       com.android.tools.r8.dex.m::c (181 bytes)
Event: 4853.433 Thread 0x0000000018538000 nmethod 30884 0x0000000007c02dd0 code [0x0000000007c030a0, 0x0000000007c038c8]

GC Heap History (10 events):
Event: 3525.189 GC heap before
{Heap before GC invocations=27 (full 4):
 PSYoungGen      total 466944K, used 458041K [0x00000000e0000000, 0x0000000100000000, 0x0000000100000000)
  eden space 417792K, 100% used [0x00000000e0000000,0x00000000f9800000,0x00000000f9800000)
  from space 49152K, 81% used [0x00000000fd000000,0x00000000ff74e530,0x0000000100000000)
  to   space 53248K, 0% used [0x00000000f9800000,0x00000000f9800000,0x00000000fcc00000)
 ParOldGen       total 237568K, used 50226K [0x00000000a0000000, 0x00000000ae800000, 0x00000000e0000000)
  object space 237568K, 21% used [0x00000000a0000000,0x00000000a310c990,0x00000000ae800000)
 Metaspace       used 120652K, capacity 129497K, committed 129792K, reserved 1161216K
  class space    used 15893K, capacity 17326K, committed 17408K, reserved 1048576K
Event: 3525.289 GC heap after
Heap after GC invocations=27 (full 4):
 PSYoungGen      total 471040K, used 53236K [0x00000000e0000000, 0x0000000100000000, 0x0000000100000000)
  eden space 417792K, 0% used [0x00000000e0000000,0x00000000e0000000,0x00000000f9800000)
  from space 53248K, 99% used [0x00000000f9800000,0x00000000fcbfd048,0x00000000fcc00000)
  to   space 53248K, 0% used [0x00000000fcc00000,0x00000000fcc00000,0x0000000100000000)
 ParOldGen       total 237568K, used 59830K [0x00000000a0000000, 0x00000000ae800000, 0x00000000e0000000)
  object space 237568K, 25% used [0x00000000a0000000,0x00000000a3a6d820,0x00000000ae800000)
 Metaspace       used 120652K, capacity 129497K, committed 129792K, reserved 1161216K
  class space    used 15893K, capacity 17326K, committed 17408K, reserved 1048576K
}
Event: 4843.843 GC heap before
{Heap before GC invocations=28 (full 4):
 PSYoungGen      total 471040K, used 471028K [0x00000000e0000000, 0x0000000100000000, 0x0000000100000000)
  eden space 417792K, 100% used [0x00000000e0000000,0x00000000f9800000,0x00000000f9800000)
  from space 53248K, 99% used [0x00000000f9800000,0x00000000fcbfd048,0x00000000fcc00000)
  to   space 53248K, 0% used [0x00000000fcc00000,0x00000000fcc00000,0x0000000100000000)
 ParOldGen       total 237568K, used 59830K [0x00000000a0000000, 0x00000000ae800000, 0x00000000e0000000)
  object space 237568K, 25% used [0x00000000a0000000,0x00000000a3a6d820,0x00000000ae800000)
 Metaspace       used 129344K, capacity 138827K, committed 139008K, reserved 1169408K
  class space    used 16705K, capacity 18335K, committed 18432K, reserved 1048576K
Event: 4843.964 GC heap after
Heap after GC invocations=28 (full 4):
 PSYoungGen      total 429056K, used 53220K [0x00000000e0000000, 0x0000000100000000, 0x0000000100000000)
  eden space 375808K, 0% used [0x00000000e0000000,0x00000000e0000000,0x00000000f6f00000)
  from space 53248K, 99% used [0x00000000fcc00000,0x00000000ffff9118,0x0000000100000000)
  to   space 74240K, 0% used [0x00000000f6f00000,0x00000000f6f00000,0x00000000fb780000)
 ParOldGen       total 237568K, used 68171K [0x00000000a0000000, 0x00000000ae800000, 0x00000000e0000000)
  object space 237568K, 28% used [0x00000000a0000000,0x00000000a4292e38,0x00000000ae800000)
 Metaspace       used 129344K, capacity 138827K, committed 139008K, reserved 1169408K
  class space    used 16705K, capacity 18335K, committed 18432K, reserved 1048576K
}
Event: 4848.386 GC heap before
{Heap before GC invocations=29 (full 4):
 PSYoungGen      total 429056K, used 429028K [0x00000000e0000000, 0x0000000100000000, 0x0000000100000000)
  eden space 375808K, 100% used [0x00000000e0000000,0x00000000f6f00000,0x00000000f6f00000)
  from space 53248K, 99% used [0x00000000fcc00000,0x00000000ffff9118,0x0000000100000000)
  to   space 74240K, 0% used [0x00000000f6f00000,0x00000000f6f00000,0x00000000fb780000)
 ParOldGen       total 237568K, used 68171K [0x00000000a0000000, 0x00000000ae800000, 0x00000000e0000000)
  object space 237568K, 28% used [0x00000000a0000000,0x00000000a4292e38,0x00000000ae800000)
 Metaspace       used 138748K, capacity 149499K, committed 149632K, reserved 1179648K
  class space    used 18034K, capacity 19837K, committed 19840K, reserved 1048576K
Event: 4848.438 GC heap after
Heap after GC invocations=29 (full 4):
 PSYoungGen      total 441856K, used 65801K [0x00000000e0000000, 0x0000000100000000, 0x0000000100000000)
  eden space 375808K, 0% used [0x00000000e0000000,0x00000000e0000000,0x00000000f6f00000)
  from space 66048K, 99% used [0x00000000f6f00000,0x00000000faf42780,0x00000000faf80000)
  to   space 82432K, 0% used [0x00000000faf80000,0x00000000faf80000,0x0000000100000000)
 ParOldGen       total 237568K, used 68179K [0x00000000a0000000, 0x00000000ae800000, 0x00000000e0000000)
  object space 237568K, 28% used [0x00000000a0000000,0x00000000a4294e38,0x00000000ae800000)
 Metaspace       used 138748K, capacity 149499K, committed 149632K, reserved 1179648K
  class space    used 18034K, capacity 19837K, committed 19840K, reserved 1048576K
}
Event: 4849.854 GC heap before
{Heap before GC invocations=30 (full 4):
 PSYoungGen      total 441856K, used 441609K [0x00000000e0000000, 0x0000000100000000, 0x0000000100000000)
  eden space 375808K, 100% used [0x00000000e0000000,0x00000000f6f00000,0x00000000f6f00000)
  from space 66048K, 99% used [0x00000000f6f00000,0x00000000faf42780,0x00000000faf80000)
  to   space 82432K, 0% used [0x00000000faf80000,0x00000000faf80000,0x0000000100000000)
 ParOldGen       total 237568K, used 68179K [0x00000000a0000000, 0x00000000ae800000, 0x00000000e0000000)
  object space 237568K, 28% used [0x00000000a0000000,0x00000000a4294e38,0x00000000ae800000)
 Metaspace       used 139436K, capacity 150199K, committed 150528K, reserved 1179648K
  class space    used 18046K, capacity 19851K, committed 19968K, reserved 1048576K
Event: 4849.913 GC heap after
Heap after GC invocations=30 (full 4):
 PSYoungGen      total 434688K, used 55312K [0x00000000e0000000, 0x0000000100000000, 0x0000000100000000)
  eden space 352256K, 0% used [0x00000000e0000000,0x00000000e0000000,0x00000000f5800000)
  from space 82432K, 67% used [0x00000000faf80000,0x00000000fe584180,0x0000000100000000)
  to   space 86016K, 0% used [0x00000000f5800000,0x00000000f5800000,0x00000000fac00000)
 ParOldGen       total 237568K, used 68187K [0x00000000a0000000, 0x00000000ae800000, 0x00000000e0000000)
  object space 237568K, 28% used [0x00000000a0000000,0x00000000a4296e38,0x00000000ae800000)
 Metaspace       used 139436K, capacity 150199K, committed 150528K, reserved 1179648K
  class space    used 18046K, capacity 19851K, committed 19968K, reserved 1048576K
}
Event: 4852.762 GC heap before
{Heap before GC invocations=31 (full 4):
 PSYoungGen      total 434688K, used 407568K [0x00000000e0000000, 0x0000000100000000, 0x0000000100000000)
  eden space 352256K, 100% used [0x00000000e0000000,0x00000000f5800000,0x00000000f5800000)
  from space 82432K, 67% used [0x00000000faf80000,0x00000000fe584180,0x0000000100000000)
  to   space 86016K, 0% used [0x00000000f5800000,0x00000000f5800000,0x00000000fac00000)
 ParOldGen       total 237568K, used 68187K [0x00000000a0000000, 0x00000000ae800000, 0x00000000e0000000)
  object space 237568K, 28% used [0x00000000a0000000,0x00000000a4296e38,0x00000000ae800000)
 Metaspace       used 139752K, capacity 150477K, committed 150784K, reserved 1179648K
  class space    used 18064K, capacity 19852K, committed 19968K, reserved 1048576K
Event: 4852.872 GC heap after
Heap after GC invocations=31 (full 4):
 PSYoungGen      total 407040K, used 54756K [0x00000000e0000000, 0x0000000100000000, 0x0000000100000000)
  eden space 352256K, 0% used [0x00000000e0000000,0x00000000e0000000,0x00000000f5800000)
  from space 54784K, 99% used [0x00000000f5800000,0x00000000f8d793f0,0x00000000f8d80000)
  to   space 87552K, 0% used [0x00000000faa80000,0x00000000faa80000,0x0000000100000000)
 ParOldGen       total 237568K, used 68195K [0x00000000a0000000, 0x00000000ae800000, 0x00000000e0000000)
  object space 237568K, 28% used [0x00000000a0000000,0x00000000a4298e38,0x00000000ae800000)
 Metaspace       used 139752K, capacity 150477K, committed 150784K, reserved 1179648K
  class space    used 18064K, capacity 19852K, committed 19968K, reserved 1048576K
}

Deoptimization events (10 events):
Event: 4850.498 Thread 0x0000000019f6f800 Uncommon trap: reason=array_check action=maybe_recompile pc=0x00000000079e7db4 method=java.util.TimSort.mergeHi(IIII)V @ 282
Event: 4850.498 Thread 0x0000000019f6f800 Uncommon trap: reason=array_check action=maybe_recompile pc=0x00000000079d33e0 method=java.util.TimSort.mergeLo(IIII)V @ 212
Event: 4850.498 Thread 0x0000000019f6f800 Uncommon trap: reason=array_check action=maybe_recompile pc=0x00000000079e7d4c method=java.util.TimSort.mergeHi(IIII)V @ 250
Event: 4851.465 Thread 0x000000001e5c1000 Uncommon trap: reason=speculate_class_check action=maybe_recompile pc=0x00000000063accc8 method=com.google.common.collect.AbstractIndexedListIterator.next()Ljava/lang/Object; @ 27
Event: 4851.465 Thread 0x000000001e5c1000 Uncommon trap: reason=speculate_class_check action=maybe_recompile pc=0x00000000063accc8 method=com.google.common.collect.AbstractIndexedListIterator.next()Ljava/lang/Object; @ 27
Event: 4851.513 Thread 0x000000001d61e800 Uncommon trap: reason=bimorphic action=maybe_recompile pc=0x00000000076b7254 method=com.android.tools.r8.ir.regalloc.LinearScanRegisterAllocator.a(Ljava/util/function/Predicate;Ljava/util/function/BiPredicate;ILcom/android/tools/r8/ir/regalloc/a;IZLcom/an
Event: 4851.983 Thread 0x000000001e5c1000 Uncommon trap: reason=bimorphic action=maybe_recompile pc=0x0000000007b18afc method=com.google.common.collect.AbstractIndexedListIterator.next()Ljava/lang/Object; @ 27
Event: 4851.983 Thread 0x000000001e5c1000 Uncommon trap: reason=bimorphic action=maybe_recompile pc=0x0000000007b18afc method=com.google.common.collect.AbstractIndexedListIterator.next()Ljava/lang/Object; @ 27
Event: 4852.192 Thread 0x000000001d61e800 Uncommon trap: reason=bimorphic action=maybe_recompile pc=0x00000000076b7254 method=com.android.tools.r8.ir.regalloc.LinearScanRegisterAllocator.a(Ljava/util/function/Predicate;Ljava/util/function/BiPredicate;ILcom/android/tools/r8/ir/regalloc/a;IZLcom/an
Event: 4853.128 Thread 0x000000001d61e800 Uncommon trap: reason=unstable_if action=reinterpret pc=0x0000000006081e08 method=com.android.tools.r8.graph.d0.b(Lcom/android/tools/r8/graph/d0;)I @ 141

Classes redefined (0 events):
No events

Internal exceptions (10 events):
Event: 4847.203 Thread 0x000000001e5bd800 Exception <a 'java/lang/NoSuchMethodError': <clinit>> (0x00000000eda71778) thrown at [D:\src\AOSP-openjdk-cygwin\jdk8u\hotspot\src\share\vm\prims\jni.cpp, line 1614]
Event: 4847.242 Thread 0x000000001e5bd800 Exception <a 'java/lang/NoSuchMethodError': <clinit>> (0x00000000ee3afc58) thrown at [D:\src\AOSP-openjdk-cygwin\jdk8u\hotspot\src\share\vm\prims\jni.cpp, line 1614]
Event: 4847.517 Thread 0x000000001d61d800 Exception <a 'sun/nio/fs/WindowsException'> (0x00000000f06d6be8) thrown at [D:\src\AOSP-openjdk-cygwin\jdk8u\hotspot\src\share\vm\prims\jni.cpp, line 710]
Event: 4849.682 Thread 0x000000001d61c000 Exception <a 'sun/nio/fs/WindowsException'> (0x00000000f38af368) thrown at [D:\src\AOSP-openjdk-cygwin\jdk8u\hotspot\src\share\vm\prims\jni.cpp, line 710]
Event: 4849.699 Thread 0x000000001d61d000 Exception <a 'sun/nio/fs/WindowsException'> (0x00000000f3a4a408) thrown at [D:\src\AOSP-openjdk-cygwin\jdk8u\hotspot\src\share\vm\prims\jni.cpp, line 710]
Event: 4850.621 Thread 0x0000000019f6f800 Exception <a 'sun/nio/fs/WindowsException'> (0x00000000ead1d148) thrown at [D:\src\AOSP-openjdk-cygwin\jdk8u\hotspot\src\share\vm\prims\jni.cpp, line 710]
Event: 4851.839 Thread 0x000000001e5c1000 Exception <a 'sun/nio/fs/WindowsException'> (0x00000000f306bde0) thrown at [D:\src\AOSP-openjdk-cygwin\jdk8u\hotspot\src\share\vm\prims\jni.cpp, line 710]
Event: 4851.885 Thread 0x000000001e5c1000 Exception <a 'sun/nio/fs/WindowsException'> (0x00000000f30935c8) thrown at [D:\src\AOSP-openjdk-cygwin\jdk8u\hotspot\src\share\vm\prims\jni.cpp, line 710]
Event: 4851.885 Thread 0x000000001e5c1000 Exception <a 'sun/nio/fs/WindowsException'> (0x00000000f3093a70) thrown at [D:\src\AOSP-openjdk-cygwin\jdk8u\hotspot\src\share\vm\prims\jni.cpp, line 710]
Event: 4853.412 Thread 0x000000001d61e800 Exception <a 'sun/nio/fs/WindowsException'> (0x00000000e19dbd80) thrown at [D:\src\AOSP-openjdk-cygwin\jdk8u\hotspot\src\share\vm\prims\jni.cpp, line 710]

Events (10 events):
Event: 4853.276 Thread 0x000000001d61e800 DEOPT PACKING pc=0x0000000007a7c7d9 sp=0x000000002e24bca0
Event: 4853.276 Thread 0x000000001d61e800 DEOPT UNPACKING pc=0x00000000029c75d0 sp=0x000000002e24ba10 mode 0
Event: 4853.277 Thread 0x000000001d61e800 DEOPT PACKING pc=0x000000000525fba6 sp=0x000000002e24bf00
Event: 4853.277 Thread 0x000000001d61e800 DEOPT UNPACKING pc=0x00000000029c75d0 sp=0x000000002e24bc40 mode 0
Event: 4853.279 Thread 0x000000001d61e800 DEOPT PACKING pc=0x0000000007a7ef11 sp=0x000000002e24bcb0
Event: 4853.279 Thread 0x000000001d61e800 DEOPT UNPACKING pc=0x00000000029c75d0 sp=0x000000002e24ba28 mode 0
Event: 4853.280 Thread 0x000000001d61e800 DEOPT PACKING pc=0x000000000525ef04 sp=0x000000002e24bf40
Event: 4853.280 Thread 0x000000001d61e800 DEOPT UNPACKING pc=0x00000000029c75d0 sp=0x000000002e24bc70 mode 0
Event: 4853.365 Thread 0x000000001d61e800 DEOPT PACKING pc=0x000000000795ae15 sp=0x000000002e24be60
Event: 4853.365 Thread 0x000000001d61e800 DEOPT UNPACKING pc=0x00000000029c75d0 sp=0x000000002e24bc40 mode 0


Dynamic libraries:
0x00007ff6dc4f0000 - 0x00007ff6dc521000 	C:\Program Files\Android\Android Studio\jre\bin\java.exe
0x00007ffb9d080000 - 0x00007ffb9d270000 	C:\WINDOWS\SYSTEM32\ntdll.dll
0x00007ffb943a0000 - 0x00007ffb943b4000 	C:\Program Files\AVAST Software\Avast\aswhook.dll
0x00007ffb9cf10000 - 0x00007ffb9cfc2000 	C:\WINDOWS\System32\KERNEL32.DLL
0x00007ffb9a0d0000 - 0x00007ffb9a373000 	C:\WINDOWS\System32\KERNELBASE.dll
0x00007ffb9bdf0000 - 0x00007ffb9be93000 	C:\WINDOWS\System32\ADVAPI32.dll
0x00007ffb9bca0000 - 0x00007ffb9bd3e000 	C:\WINDOWS\System32\msvcrt.dll
0x00007ffb9bd50000 - 0x00007ffb9bde7000 	C:\WINDOWS\System32\sechost.dll
0x00007ffb9c8d0000 - 0x00007ffb9c9f0000 	C:\WINDOWS\System32\RPCRT4.dll
0x00007ffb9b4d0000 - 0x00007ffb9b664000 	C:\WINDOWS\System32\USER32.dll
0x00007ffb9a6e0000 - 0x00007ffb9a701000 	C:\WINDOWS\System32\win32u.dll
0x00007ffb9b370000 - 0x00007ffb9b396000 	C:\WINDOWS\System32\GDI32.dll
0x00007ffb9a710000 - 0x00007ffb9a8a4000 	C:\WINDOWS\System32\gdi32full.dll
0x00007ffb9a010000 - 0x00007ffb9a0ae000 	C:\WINDOWS\System32\msvcp_win.dll
0x00007ffb9a8b0000 - 0x00007ffb9a9aa000 	C:\WINDOWS\System32\ucrtbase.dll
0x00007ffb8a450000 - 0x00007ffb8a6d5000 	C:\WINDOWS\WinSxS\amd64_microsoft.windows.common-controls_6595b64144ccf1df_6.0.18362.657_none_e6c5b579130e3898\COMCTL32.dll
0x00007ffb9bea0000 - 0x00007ffb9c1d6000 	C:\WINDOWS\System32\combase.dll
0x00007ffb9a630000 - 0x00007ffb9a6b0000 	C:\WINDOWS\System32\bcryptPrimitives.dll
0x00007ffb9bb30000 - 0x00007ffb9bb5e000 	C:\WINDOWS\System32\IMM32.DLL
0x000000006fea0000 - 0x000000006ff72000 	C:\Program Files\Android\Android Studio\jre\jre\bin\msvcr100.dll
0x000000006ead0000 - 0x000000006f316000 	C:\Program Files\Android\Android Studio\jre\jre\bin\server\jvm.dll
0x00007ffb9cfd0000 - 0x00007ffb9cfd8000 	C:\WINDOWS\System32\PSAPI.DLL
0x00007ffb87260000 - 0x00007ffb87269000 	C:\WINDOWS\SYSTEM32\WSOCK32.dll
0x00007ffb9b670000 - 0x00007ffb9b6df000 	C:\WINDOWS\System32\WS2_32.dll
0x00007ffb976a0000 - 0x00007ffb976c4000 	C:\WINDOWS\SYSTEM32\WINMM.dll
0x00007ffb93730000 - 0x00007ffb9373a000 	C:\WINDOWS\SYSTEM32\VERSION.dll
0x00007ffb97670000 - 0x00007ffb9769d000 	C:\WINDOWS\SYSTEM32\WINMMBASE.dll
0x00007ffb9a490000 - 0x00007ffb9a4da000 	C:\WINDOWS\System32\cfgmgr32.dll
0x00007ffb959d0000 - 0x00007ffb959df000 	C:\Program Files\Android\Android Studio\jre\jre\bin\verify.dll
0x00007ffb8b8c0000 - 0x00007ffb8b8e9000 	C:\Program Files\Android\Android Studio\jre\jre\bin\java.dll
0x00007ffb92740000 - 0x00007ffb92756000 	C:\Program Files\Android\Android Studio\jre\jre\bin\zip.dll
0x00007ffb9c1e0000 - 0x00007ffb9c8c5000 	C:\WINDOWS\System32\SHELL32.dll
0x00007ffb9b6e0000 - 0x00007ffb9b789000 	C:\WINDOWS\System32\shcore.dll
0x00007ffb9a9b0000 - 0x00007ffb9b12f000 	C:\WINDOWS\System32\windows.storage.dll
0x00007ffb99f80000 - 0x00007ffb99f9f000 	C:\WINDOWS\System32\profapi.dll
0x00007ffb99fc0000 - 0x00007ffb9a00a000 	C:\WINDOWS\System32\powrprof.dll
0x00007ffb99f50000 - 0x00007ffb99f60000 	C:\WINDOWS\System32\UMPDC.dll
0x00007ffb9cfe0000 - 0x00007ffb9d032000 	C:\WINDOWS\System32\shlwapi.dll
0x00007ffb99fa0000 - 0x00007ffb99fb1000 	C:\WINDOWS\System32\kernel.appcore.dll
0x00007ffb9a0b0000 - 0x00007ffb9a0c7000 	C:\WINDOWS\System32\cryptsp.dll
0x00007ffb92000000 - 0x00007ffb9201a000 	C:\Program Files\Android\Android Studio\jre\jre\bin\net.dll
0x00007ffb89af0000 - 0x00007ffb89cc6000 	C:\WINDOWS\SYSTEM32\urlmon.dll
0x00007ffb89840000 - 0x00007ffb89ae6000 	C:\WINDOWS\SYSTEM32\iertutil.dll
0x00007ffb99990000 - 0x00007ffb9999c000 	C:\WINDOWS\SYSTEM32\CRYPTBASE.DLL
0x00007ffb997c0000 - 0x00007ffb99827000 	C:\WINDOWS\system32\mswsock.dll
0x00007ffb8c790000 - 0x00007ffb8c7a3000 	C:\Program Files\Android\Android Studio\jre\jre\bin\nio.dll
0x00007ffb92030000 - 0x00007ffb92056000 	C:\Users\ASUS\.gradle\native\30\windows-amd64\native-platform.dll
0x00007ffb92b30000 - 0x00007ffb92b3d000 	C:\Program Files\Android\Android Studio\jre\jre\bin\management.dll
0x00007ffb99330000 - 0x00007ffb99363000 	C:\WINDOWS\system32\rsaenh.dll
0x00007ffb9a6b0000 - 0x00007ffb9a6d6000 	C:\WINDOWS\System32\bcrypt.dll
0x00007ffb99e70000 - 0x00007ffb99e95000 	C:\WINDOWS\SYSTEM32\USERENV.dll
0x00007ffb994d0000 - 0x00007ffb9950a000 	C:\WINDOWS\SYSTEM32\IPHLPAPI.DLL
0x00007ffb9b790000 - 0x00007ffb9b798000 	C:\WINDOWS\System32\NSI.dll
0x00007ffb8cba0000 - 0x00007ffb8cbb6000 	C:\WINDOWS\SYSTEM32\dhcpcsvc6.DLL
0x00007ffb8cab0000 - 0x00007ffb8cacc000 	C:\WINDOWS\SYSTEM32\dhcpcsvc.DLL
0x00007ffb99510000 - 0x00007ffb995da000 	C:\WINDOWS\SYSTEM32\DNSAPI.dll
0x00007ffb85400000 - 0x00007ffb8541e000 	C:\Users\ASUS\AppData\Local\Temp\native-platform2341013453231717669dir\native-platform.dll
0x00007ffb7fc90000 - 0x00007ffb7fcb4000 	C:\Program Files\Android\Android Studio\jre\jre\bin\sunec.dll
0x00007ffb8ab50000 - 0x00007ffb8ab5a000 	C:\Windows\System32\rasadhlp.dll
0x00007ffb8bff0000 - 0x00007ffb8c067000 	C:\WINDOWS\System32\fwpuclnt.dll
0x00007ffb89230000 - 0x00007ffb8923b000 	C:\Program Files\Android\Android Studio\jre\jre\bin\sunmscapi.dll
0x00007ffb9a4e0000 - 0x00007ffb9a629000 	C:\WINDOWS\System32\CRYPT32.dll
0x00007ffb99f60000 - 0x00007ffb99f72000 	C:\WINDOWS\System32\MSASN1.dll
0x00007ffb98fb0000 - 0x00007ffb98fe1000 	C:\WINDOWS\SYSTEM32\ntmarta.dll
0x00007ffb5a940000 - 0x00007ffb5aadc000 	C:\Program Files\Android\Android Studio\jre\jre\bin\awt.dll
0x00007ffb9b820000 - 0x00007ffb9b8e4000 	C:\WINDOWS\System32\OLEAUT32.dll
0x00007ffb98360000 - 0x00007ffb9838d000 	C:\WINDOWS\SYSTEM32\dwmapi.dll
0x00007ffb96130000 - 0x00007ffb966f0000 	C:\WINDOWS\SYSTEM32\d2d1.dll
0x00007ffb977a0000 - 0x00007ffb9782f000 	C:\WINDOWS\SYSTEM32\apphelp.dll
0x00007ffb97f40000 - 0x00007ffb97fd9000 	C:\WINDOWS\system32\uxtheme.dll

VM Arguments:
jvm_args: -Xmx1536m -Dfile.encoding=windows-1252 -Duser.country=ID -Duser.language=en -Duser.variant 
java_command: org.gradle.launcher.daemon.bootstrap.GradleDaemon 5.6.4
java_class_path (initial): C:\Users\ASUS\.gradle\wrapper\dists\gradle-5.6.4-all\ankdp27end7byghfw1q2sw75f\gradle-5.6.4\lib\gradle-launcher-5.6.4.jar
Launcher Type: SUN_STANDARD

Environment Variables:
PATH=C:\Program Files (x86)\Common Files\Oracle\Java\javapath;C:\Windows\system32;C:\Windows;C:\Windows\System32\Wbem;C:\Windows\System32\WindowsPowerShell\v1.0\;C:\Windows\System32\OpenSSH\;C:\Program Files\Intel\WiFi\bin\;C:\Program Files\Common Files\Intel\WirelessCommon\;C:\Program Files\Microsoft VS Code\bin;C:\Program Files (x86)\NVIDIA Corporation\PhysX\Common;C:\Program Files\NVIDIA Corporation\NVIDIA NvDLISR;C:\Program Files\Common Files\nodejs\;C:\WINDOWS\system32;C:\WINDOWS;C:\WINDOWS\System32\Wbem;C:\WINDOWS\System32\WindowsPowerShell\v1.0\;C:\WINDOWS\System32\OpenSSH\;C:\xampp\php;C:\ProgramData\ComposerSetup\bin;C:\Program Files\Git\cmd;C:\Users\ASUS\AppData\Local\Microsoft\WindowsApps;C:\Users\ASUS\AppData\Roaming\npm;C:\Users\ASUS\AppData\Roaming\Composer\vendor\bin;C:\Users\ASUS\AppData\Local\GitHubDesktop\bin;C:\Program Files\Docker Toolbox
USERNAME=ASUS
OS=Windows_NT
PROCESSOR_IDENTIFIER=Intel64 Family 6 Model 142 Stepping 11, GenuineIntel



---------------  S Y S T E M  ---------------

OS: Windows 10.0 , 64 bit Build 18362 (10.0.18362.329)

CPU:total 8 (initial active 8) (4 cores per cpu, 2 threads per core) family 6 model 142 stepping 11, cmov, cx8, fxsr, mmx, sse, sse2, sse3, ssse3, sse4.1, sse4.2, popcnt, avx, avx2, aes, clmul, erms, 3dnowpref, lzcnt, ht, tsc, tscinvbit, bmi1, bmi2, adx

Memory: 4k page, physical 12430716k(294032k free), swap 21646716k(9184k free)

vm_info: OpenJDK 64-Bit Server VM (25.212-b04) for windows-amd64 JRE (1.8.0_212-release-1586-b04), built by "builder" with MS VC++ 10.0 (VS2010)

time: Fri Mar 06 03:29:58 2020
timezone: SE Asia Standard Time
elapsed time: 4853 seconds (0d 1h 20m 53s)

